<?xml version="1.0" encoding="UTF-8"?>
<testsuite name="TestSuite" time="0.011" tests="2" errors="0" skipped="0" failures="0">
  <properties>
    <property name="java.vendor" value="Oracle Corporation"/>
    <property name="JOB_NAME" value="TestNgJenkinsMavenFirstJob"/>
    <property name="RUN_TESTS_DISPLAY_URL" value="http://localhost:8080/job/TestNgJenkinsMavenFirstJob/6/display/redirect?page=tests"/>
    <property name="sun.java.launcher" value="SUN_STANDARD"/>
    <property name="NUMBER_OF_PROCESSORS" value="6"/>
    <property name="sun.management.compiler" value="HotSpot Client Compiler"/>
    <property name="JENKINS_HOME" value="C:\Users\suraj\.jenkins"/>
    <property name="FPS_BROWSER_USER_PROFILE_STRING" value="Default"/>
    <property name="HUDSON_SERVER_COOKIE" value="91a6ca4259c40f86"/>
    <property name="POM_ARTIFACTID" value="TestNG"/>
    <property name="os.name" value="Windows 11"/>
    <property name="sun.boot.class.path" value="C:\Program Files (x86)\Java\jre\lib\resources.jar;C:\Program Files (x86)\Java\jre\lib\rt.jar;C:\Program Files (x86)\Java\jre\lib\sunrsasign.jar;C:\Program Files (x86)\Java\jre\lib\jsse.jar;C:\Program Files (x86)\Java\jre\lib\jce.jar;C:\Program Files (x86)\Java\jre\lib\charsets.jar;C:\Program Files (x86)\Java\jre\lib\jfr.jar;C:\Program Files (x86)\Java\jre\classes"/>
    <property name="EXECUTOR_NUMBER" value="1"/>
    <property name="sun.desktop" value="windows"/>
    <property name="PATHEXT" value=".COM;.EXE;.BAT;.CMD;.VBS;.VBE;.JS;.JSE;.WSF;.WSH;.MSC"/>
    <property name="java.vm.specification.vendor" value="Oracle Corporation"/>
    <property name="POM_DISPLAYNAME" value="TestNG"/>
    <property name="NODE_LABELS" value="built-in"/>
    <property name="TEMP" value="C:\Users\suraj\AppData\Local\Temp"/>
    <property name="java.runtime.version" value="1.8.0_321-b07"/>
    <property name="FPS_BROWSER_APP_PROFILE_STRING" value="Internet Explorer"/>
    <property name="user.name" value="suraj"/>
    <property name="guice.disable.misplaced.annotation.check" value="true"/>
    <property name="CommonProgramW6432" value="C:\Program Files\Common Files"/>
    <property name="ProgramFiles" value="C:\Program Files (x86)"/>
    <property name="PROMPT" value="$P$G"/>
    <property name="user.language" value="en"/>
    <property name="JOB_BASE_NAME" value="TestNgJenkinsMavenFirstJob"/>
    <property name="RUN_CHANGES_DISPLAY_URL" value="http://localhost:8080/job/TestNgJenkinsMavenFirstJob/6/display/redirect?page=changes"/>
    <property name="BUILD_DISPLAY_NAME" value="#6"/>
    <property name="OneDrive" value="C:\Users\suraj\OneDrive"/>
    <property name="sun.boot.library.path" value="C:\Program Files (x86)\Java\jre\bin"/>
    <property name="LOCALAPPDATA" value="C:\Users\suraj\AppData\Local"/>
    <property name="java.version" value="1.8.0_321"/>
    <property name="PROCESSOR_LEVEL" value="23"/>
    <property name="user.timezone" value="Asia/Calcutta"/>
    <property name="USERNAME" value="suraj"/>
    <property name="sun.arch.data.model" value="32"/>
    <property name="NODE_NAME" value="built-in"/>
    <property name="PROCESSOR_ARCHITEW6432" value="AMD64"/>
    <property name="OneDriveConsumer" value="C:\Users\suraj\OneDrive"/>
    <property name="java.endorsed.dirs" value="C:\Program Files (x86)\Java\jre\lib\endorsed"/>
    <property name="BUILD_ID" value="6"/>
    <property name="sun.cpu.isalist" value=""/>
    <property name="sun.jnu.encoding" value="Cp1252"/>
    <property name="file.encoding.pkg" value="sun.io"/>
    <property name="file.separator" value="\"/>
    <property name="java.specification.name" value="Java Platform API Specification"/>
    <property name="HOMEDRIVE" value="C:"/>
    <property name="maven.conf" value="C:\Program Files\Maven\apache-maven-3.8.4\conf"/>
    <property name="java.class.version" value="52.0"/>
    <property name="=::" value="::\"/>
    <property name="org.slf4j.simpleLogger.defaultLogLevel" value="info"/>
    <property name="user.country" value="IN"/>
    <property name="ALLUSERSPROFILE" value="C:\ProgramData"/>
    <property name="java.home" value="C:\Program Files (x86)\Java\jre"/>
    <property name="java.vm.info" value="mixed mode"/>
    <property name="os.version" value="10.0"/>
    <property name="RUN_DISPLAY_URL" value="http://localhost:8080/job/TestNgJenkinsMavenFirstJob/6/display/redirect"/>
    <property name="POM_VERSION" value="0.0.1-SNAPSHOT"/>
    <property name="TMP" value="C:\Users\suraj\AppData\Local\Temp"/>
    <property name="RUN_ARTIFACTS_DISPLAY_URL" value="http://localhost:8080/job/TestNgJenkinsMavenFirstJob/6/display/redirect?page=artifacts"/>
    <property name="path.separator" value=";"/>
    <property name="java.vm.version" value="25.321-b07"/>
    <property name="user.variant" value=""/>
    <property name="JOB_DISPLAY_URL" value="http://localhost:8080/job/TestNgJenkinsMavenFirstJob/display/redirect"/>
    <property name="CommonProgramFiles(x86)" value="C:\Program Files (x86)\Common Files"/>
    <property name="USERDOMAIN_ROAMINGPROFILE" value="DESKTOP-RHUK9BN"/>
    <property name="java.awt.printerjob" value="sun.awt.windows.WPrinterJob"/>
    <property name="CommonProgramFiles" value="C:\Program Files (x86)\Common Files"/>
    <property name="JAVA_HOME" value="C:\Program Files (x86)\Java"/>
    <property name="sun.io.unicode.encoding" value="UnicodeLittle"/>
    <property name="ComSpec" value="C:\WINDOWS\system32\cmd.exe"/>
    <property name="awt.toolkit" value="sun.awt.windows.WToolkit"/>
    <property name="HOMEPATH" value="\Users\suraj"/>
    <property name="POM_PACKAGING" value="jar"/>
    <property name="user.script" value=""/>
    <property name="COMPUTERNAME" value="DESKTOP-RHUK9BN"/>
    <property name="POM_GROUPID" value="TestNG"/>
    <property name="user.home" value="C:\Users\suraj"/>
    <property name="PUBLIC" value="C:\Users\Public"/>
    <property name="BUILD_TAG" value="jenkins-TestNgJenkinsMavenFirstJob-6"/>
    <property name="JENKINS_SERVER_COOKIE" value="91a6ca4259c40f86"/>
    <property name="HUDSON_URL" value="http://localhost:8080/"/>
    <property name="ProgramData" value="C:\ProgramData"/>
    <property name="java.specification.vendor" value="Oracle Corporation"/>
    <property name="USERPROFILE" value="C:\Users\suraj"/>
    <property name="CLASSPATH" value=""/>
    <property name="java.vendor.url" value="http://java.oracle.com/"/>
    <property name="java.library.path" value="C:\Program Files (x86)\Java\bin;C:\WINDOWS\Sun\Java\bin;C:\WINDOWS\system32;C:\WINDOWS;C:\Program Files\Maven\apache-maven-3.8.4/bin;C:\Program Files (x86)\Java/bin;C:\Program Files (x86)\Java/bin;C:\WINDOWS\system32;C:\WINDOWS;C:\WINDOWS\System32\Wbem;C:\WINDOWS\System32\WindowsPowerShell\v1.0\;C:\WINDOWS\System32\OpenSSH\;C:\Users\suraj\AppData\Local\Programs\Python\Python39\;C:\Users\suraj\AppData\Local\Programs\Python\Python39\Scripts\;C:\Program Files (x86)\Java\bin;C:\Program Files\nodejs\;C:\Program Files\Git\cmd;C:\Program Files\Maven\apache-maven-3.8.4\bin;C:\Users\suraj\AppData\Local\Microsoft\WindowsApps;C:\Users\suraj\AppData\Roaming\npm;C:\Program Files\heroku\bin;."/>
    <property name="java.vm.vendor" value="Oracle Corporation"/>
    <property name="APPDATA" value="C:\Users\suraj\AppData\Roaming"/>
    <property name="java.runtime.name" value="Java(TM) SE Runtime Environment"/>
    <property name="maven.home" value="C:\Program Files\Maven\apache-maven-3.8.4"/>
    <property name="java.class.path" value="C:\Users\suraj\.jenkins\plugins\maven-plugin\WEB-INF\lib\maven35-agent-1.13.jar;C:\Program Files\Maven\apache-maven-3.8.4\boot\plexus-classworlds-2.6.0.jar;C:\Program Files\Maven\apache-maven-3.8.4/conf/logging"/>
    <property name="sun.java.command" value="jenkins.maven3.agent.Maven35Main C:\Program Files\Maven\apache-maven-3.8.4 C:\Users\suraj\.jenkins\war\WEB-INF\lib\remoting-4.11.2.jar C:\Users\suraj\.jenkins\plugins\maven-plugin\WEB-INF\lib\maven35-interceptor-1.13.jar C:\Users\suraj\.jenkins\plugins\maven-plugin\WEB-INF\lib\maven3-interceptor-commons-1.13.jar 50190"/>
    <property name="Path" value="C:\Program Files (x86)\Java/bin;C:\WINDOWS\system32;C:\WINDOWS;C:\WINDOWS\System32\Wbem;C:\WINDOWS\System32\WindowsPowerShell\v1.0\;C:\WINDOWS\System32\OpenSSH\;C:\Users\suraj\AppData\Local\Programs\Python\Python39\;C:\Users\suraj\AppData\Local\Programs\Python\Python39\Scripts\;C:\Program Files (x86)\Java\bin;C:\Program Files\nodejs\;C:\Program Files\Git\cmd;C:\Program Files\Maven\apache-maven-3.8.4\bin;C:\Users\suraj\AppData\Local\Microsoft\WindowsApps;C:\Users\suraj\AppData\Roaming\npm;C:\Program Files\heroku\bin"/>
    <property name="java.vm.specification.name" value="Java Virtual Machine Specification"/>
    <property name="PROCESSOR_ARCHITECTURE" value="x86"/>
    <property name="jansi.mode" value="strip"/>
    <property name="PATH+JDK" value="C:\Program Files (x86)\Java/bin"/>
    <property name="PROCESSOR_IDENTIFIER" value="AMD64 Family 23 Model 96 Stepping 1, AuthenticAMD"/>
    <property name="SESSIONNAME" value="Console"/>
    <property name="java.vm.specification.version" value="1.8"/>
    <property name="sun.os.patch.level" value=""/>
    <property name="sun.cpu.endian" value="little"/>
    <property name="M2_HOME" value="C:\Program Files\Maven\apache-maven-3.8.4"/>
    <property name="java.io.tmpdir" value="C:\Users\suraj\AppData\Local\Temp\"/>
    <property name="CI" value="true"/>
    <property name="OS" value="Windows_NT"/>
    <property name="HUDSON_HOME" value="C:\Users\suraj\.jenkins"/>
    <property name="PATH+MAVEN" value="C:\Program Files\Maven\apache-maven-3.8.4/bin"/>
    <property name="ProgramFiles(x86)" value="C:\Program Files (x86)"/>
    <property name="BUILD_URL" value="http://localhost:8080/job/TestNgJenkinsMavenFirstJob/6/"/>
    <property name="java.vendor.url.bug" value="http://bugreport.sun.com/bugreport/"/>
    <property name="java.awt.graphicsenv" value="sun.awt.Win32GraphicsEnvironment"/>
    <property name="os.arch" value="x86"/>
    <property name="SystemRoot" value="C:\WINDOWS"/>
    <property name="java.ext.dirs" value="C:\Program Files (x86)\Java\jre\lib\ext;C:\WINDOWS\Sun\Java\lib\ext"/>
    <property name="user.dir" value="C:\Users\suraj\Downloads\TestNG\TestNG"/>
    <property name="JOB_URL" value="http://localhost:8080/job/TestNgJenkinsMavenFirstJob/"/>
    <property name="LOGONSERVER" value="\\DESKTOP-RHUK9BN"/>
    <property name="VBOX_HWVIRTEX_IGNORE_SVM_IN_USE" value="1"/>
    <property name="USERDOMAIN" value="DESKTOP-RHUK9BN"/>
    <property name="line.separator" value="&#10;"/>
    <property name="MAVEN_HOME" value="C:\Program Files\Maven\apache-maven-3.8.4"/>
    <property name="java.vm.name" value="Java HotSpot(TM) Client VM"/>
    <property name="BUILD_NUMBER" value="6"/>
    <property name="JENKINS_URL" value="http://localhost:8080/"/>
    <property name="PROCESSOR_REVISION" value="6001"/>
    <property name="ProgramW6432" value="C:\Program Files"/>
    <property name="windir" value="C:\WINDOWS"/>
    <property name="=C:" value="C:\Program Files\Jenkins"/>
    <property name="file.encoding" value="Cp1252"/>
    <property name="SystemDrive" value="C:"/>
    <property name="maven3.interceptor" value="C:\Users\suraj\.jenkins\plugins\maven-plugin\WEB-INF\lib\maven35-interceptor-1.13.jar"/>
    <property name="WORKSPACE_TMP" value="C:/Users/suraj/Downloads/TestNG\TestNG@tmp"/>
    <property name="WORKSPACE" value="C:/Users/suraj/Downloads/TestNG/TestNG"/>
    <property name="maven3.interceptor.common" value="C:\Users\suraj\.jenkins\plugins\maven-plugin\WEB-INF\lib\maven3-interceptor-commons-1.13.jar"/>
    <property name="Testng_Name" value="testng.xml"/>
    <property name="java.specification.version" value="1.8"/>
    <property name="PSModulePath" value="C:\Program Files\WindowsPowerShell\Modules;C:\WINDOWS\system32\WindowsPowerShell\v1.0\Modules"/>
    <property name="DriverData" value="C:\Windows\System32\Drivers\DriverData"/>
  </properties>
  <testcase name="addTest" classname="com.renju.training.testng.CalcTest" time="0.011"/>
  <testcase name="subtractTest" classname="com.renju.training.testng.CalcTest" time="0"/>
</testsuite>