<?xml version="1.0" encoding="UTF-8"?>
<!-- Generated by org.testng.reporters.JUnitReportReporter -->
<testsuite hostname="DESKTOP-RHUK9BN" failures="0" tests="2" name="com.renju.training.testng.CalcTest" time="0.012" errors="0" timestamp="2022-02-02T18:35:30 IST" skipped="0">
  <testcase classname="com.renju.training.testng.CalcTest" name="subtractTest" time="0.001"/>
  <system-out/>
  <testcase classname="com.renju.training.testng.CalcTest" name="addTest" time="0.011"/>
  <system-out/>
</testsuite> <!-- com.renju.training.testng.CalcTest -->
