<?xml version="1.0" encoding="UTF-8"?>
<!-- Generated by org.testng.reporters.JUnitReportReporter -->
<testsuite hostname="DESKTOP-RHUK9BN" name="com.renju.training.testng.CalcTest" tests="2" failures="0" timestamp="2 Feb 2022 13:26:16 GMT" time="0.012" errors="0">
  <testcase name="addTest" time="0.012" classname="com.renju.training.testng.CalcTest"/>
  <testcase name="subtractTest" time="0.000" classname="com.renju.training.testng.CalcTest"/>
</testsuite> <!-- com.renju.training.testng.CalcTest -->
